f:\daianna\daiannaloader\daiannainjector\x64\debug\vc143.pdb
f:\daianna\daiannaloader\daiannainjector\x64\debug\vc143.idb
f:\daianna\daiannaloader\daiannainjector\x64\debug\daiannainjector.obj
f:\daianna\daiannaloader\daiannainjector\x64\debug\daiannainjector.res
f:\daianna\daiannaloader\daiannainjector\x64\debug\daiannainjector.ilk
f:\daianna\daiannaloader\x64\debug\daiannainjector.pdb
f:\daianna\daiannaloader\daiannainjector\x64\debug\daiannainjector.tlog\cl.command.1.tlog
f:\daianna\daiannaloader\daiannainjector\x64\debug\daiannainjector.tlog\cl.items.tlog
f:\daianna\daiannaloader\daiannainjector\x64\debug\daiannainjector.tlog\cl.read.1.tlog
f:\daianna\daiannaloader\daiannainjector\x64\debug\daiannainjector.tlog\cl.write.1.tlog
f:\daianna\daiannaloader\daiannainjector\x64\debug\daiannainjector.tlog\link-cvtres.read.1.tlog
f:\daianna\daiannaloader\daiannainjector\x64\debug\daiannainjector.tlog\link-cvtres.write.1.tlog
f:\daianna\daiannaloader\daiannainjector\x64\debug\daiannainjector.tlog\link-rc.read.1.tlog
f:\daianna\daiannaloader\daiannainjector\x64\debug\daiannainjector.tlog\link-rc.write.1.tlog
f:\daianna\daiannaloader\daiannainjector\x64\debug\daiannainjector.tlog\link.3772-cvtres.read.1.tlog
f:\daianna\daiannaloader\daiannainjector\x64\debug\daiannainjector.tlog\link.3772-cvtres.write.1.tlog
f:\daianna\daiannaloader\daiannainjector\x64\debug\daiannainjector.tlog\link.3772-rc.read.1.tlog
f:\daianna\daiannaloader\daiannainjector\x64\debug\daiannainjector.tlog\link.3772-rc.write.1.tlog
f:\daianna\daiannaloader\daiannainjector\x64\debug\daiannainjector.tlog\link.3772.read.1.tlog
f:\daianna\daiannaloader\daiannainjector\x64\debug\daiannainjector.tlog\link.3772.read.2.tlog
f:\daianna\daiannaloader\daiannainjector\x64\debug\daiannainjector.tlog\link.3772.write.1.tlog
f:\daianna\daiannaloader\daiannainjector\x64\debug\daiannainjector.tlog\link.command.1.tlog
f:\daianna\daiannaloader\daiannainjector\x64\debug\daiannainjector.tlog\link.read.1.tlog
f:\daianna\daiannaloader\daiannainjector\x64\debug\daiannainjector.tlog\link.read.2.tlog
f:\daianna\daiannaloader\daiannainjector\x64\debug\daiannainjector.tlog\link.secondary.1.tlog
f:\daianna\daiannaloader\daiannainjector\x64\debug\daiannainjector.tlog\link.write.1.tlog
f:\daianna\daiannaloader\daiannainjector\x64\debug\daiannainjector.tlog\rc.command.1.tlog
f:\daianna\daiannaloader\daiannainjector\x64\debug\daiannainjector.tlog\rc.read.1.tlog
f:\daianna\daiannaloader\daiannainjector\x64\debug\daiannainjector.tlog\rc.write.1.tlog
